WARNING: Error in initializing MVAPICH2 ptmalloc library.Continuing without InfiniBand registration cache support.
LR_factor_mapping.py:115: RuntimeWarning: invalid value encountered in true_divide
  historic_ratio = (historic_shortages_f_WY*100)/historic_demands_f_WY
/opt/scipy/3.6/lib/python3.6/site-packages/scipy-1.3.0-py3.6-linux-x86_64.egg/scipy/stats/stats.py:1862: RuntimeWarning: invalid value encountered in less
  return np.count_nonzero(a < score) / n * 100
LR_factor_mapping.py:148: RuntimeWarning: invalid value encountered in true_divide
  ratio = (f_shortages_WY[:,k]*100)/f_demands_WY[:,k]
LR_factor_mapping.py:115: RuntimeWarning: invalid value encountered in true_divide
  historic_ratio = (historic_shortages_f_WY*100)/historic_demands_f_WY
/opt/scipy/3.6/lib/python3.6/site-packages/scipy-1.3.0-py3.6-linux-x86_64.egg/scipy/stats/stats.py:1862: RuntimeWarning: invalid value encountered in less
  return np.count_nonzero(a < score) / n * 100
LR_factor_mapping.py:148: RuntimeWarning: invalid value encountered in true_divide
  ratio = (f_shortages_WY[:,k]*100)/f_demands_WY[:,k]
LR_factor_mapping.py:115: RuntimeWarning: invalid value encountered in true_divide
  historic_ratio = (historic_shortages_f_WY*100)/historic_demands_f_WY
/opt/scipy/3.6/lib/python3.6/site-packages/scipy-1.3.0-py3.6-linux-x86_64.egg/scipy/stats/stats.py:1862: RuntimeWarning: invalid value encountered in less
  return np.count_nonzero(a < score) / n * 100
LR_factor_mapping.py:148: RuntimeWarning: invalid value encountered in true_divide
  ratio = (f_shortages_WY[:,k]*100)/f_demands_WY[:,k]
LR_factor_mapping.py:115: RuntimeWarning: invalid value encountered in true_divide
  historic_ratio = (historic_shortages_f_WY*100)/historic_demands_f_WY
/opt/scipy/3.6/lib/python3.6/site-packages/scipy-1.3.0-py3.6-linux-x86_64.egg/scipy/stats/stats.py:1862: RuntimeWarning: invalid value encountered in less
  return np.count_nonzero(a < score) / n * 100
LR_factor_mapping.py:148: RuntimeWarning: invalid value encountered in true_divide
  ratio = (f_shortages_WY[:,k]*100)/f_demands_WY[:,k]
LR_factor_mapping.py:115: RuntimeWarning: invalid value encountered in true_divide
  historic_ratio = (historic_shortages_f_WY*100)/historic_demands_f_WY
/opt/scipy/3.6/lib/python3.6/site-packages/scipy-1.3.0-py3.6-linux-x86_64.egg/scipy/stats/stats.py:1862: RuntimeWarning: invalid value encountered in less
  return np.count_nonzero(a < score) / n * 100
LR_factor_mapping.py:148: RuntimeWarning: invalid value encountered in true_divide
  ratio = (f_shortages_WY[:,k]*100)/f_demands_WY[:,k]
slurmstepd: *** JOB 30093121 ON comet-19-04 CANCELLED AT 2019-12-07T20:18:26 DUE TO TIME LIMIT ***
Connection to comet-19-09 closed by remote host.
Connection to comet-19-13 closed by remote host.
Connection to comet-19-16 closed by remote host.
Connection to comet-19-11 closed by remote host.
Connection to comet-19-10 closed by remote host.
Connection to comet-19-27 closed by remote host.
Connection to comet-19-20 closed by remote host.
Connection to comet-19-35 closed by remote host.
Connection to comet-19-34 closed by remote host.
Connection to comet-19-24 closed by remote host.
Connection to comet-19-31 closed by remote host.
Connection to comet-19-30 closed by remote host.
Connection to comet-19-23 closed by remote host.
Connection to comet-19-15 closed by remote host.
Connection to comet-19-04 closed by remote host.
slurmstepd: *** JOB 30093148 ON comet-25-45 CANCELLED AT 2019-12-07T20:22:26 DUE TO TIME LIMIT ***
[comet-25-45.sdsc.edu:mpirun_rsh][signal_processor] Caught signal 15, killing job
Connection to comet-25-54 closed by remote host.
Connection to comet-25-55 closed by remote host.
Connection to comet-25-62 closed by remote host.
Connection to comet-25-56 closed by remote host.
Connection to comet-25-58 closed by remote host.
Connection to comet-25-50 closed by remote host.
Connection to comet-25-57 closed by remote host.
Connection to comet-25-46 closed by remote host.
Connection to comet-25-47 closed by remote host.
Connection to comet-25-59 closed by remote host.
Connection to comet-25-63 closed by remote host.
Connection to comet-25-66 closed by remote host.
Connection to comet-25-67 closed by remote host.
Connection to comet-25-64 closed by remote host.
Connection to comet-25-45 closed by remote host.
